<?xml version="1.0" encoding="utf-8"?><testsuites name="pytest tests"><testsuite name="pytest" errors="0" failures="0" skipped="0" tests="9" time="7.382" timestamp="2026-06-08T07:48:12.220529+00:00" hostname="agent-env-888bf112-e801-4572-9cb8-6403cd50f960"><testcase classname="backend.tests.test_cloudspin_addresses.TestValidation" name="test_addresses_missing_customer_id" time="0.252" /><testcase classname="backend.tests.test_cloudspin_addresses.TestValidation" name="test_get_detail_missing_address_id" time="0.047" /><testcase classname="backend.tests.test_cloudspin_addresses.TestValidation" name="test_set_default_missing" time="0.046" /><testcase classname="backend.tests.test_cloudspin_addresses.TestValidation" name="test_add_missing" time="0.049" /><testcase classname="backend.tests.test_cloudspin_addresses.TestValidation" name="test_update_missing" time="0.044" /><testcase classname="backend.tests.test_cloudspin_addresses.TestValidation" name="test_delete_missing" time="0.047" /><testcase classname="backend.tests.test_cloudspin_addresses.TestAddressFlow" name="test_list_addresses" time="0.695" /><testcase classname="backend.tests.test_cloudspin_addresses.TestAddressFlow" name="test_get_address_detail" time="0.976" /><testcase classname="backend.tests.test_cloudspin_addresses.TestAddressFlow" name="test_add_update_setdefault_delete" time="5.061" /></testsuite></testsuites>